TN:
SF:src/modules/appointments/services/CreateAppointmentService.ts
FN:14,(anonymous_18)
FN:15,CreateAppointmentService
FN:20,(anonymous_20)
FNF:3
FNH:3
FNDA:1,(anonymous_18)
FNDA:2,CreateAppointmentService
FNDA:3,(anonymous_20)
DA:1,1
DA:2,1
DA:4,1
DA:14,1
DA:17,2
DA:20,1
DA:21,3
DA:22,3
DA:24,3
DA:26,3
DA:30,3
DA:31,1
DA:34,2
DA:39,2
DA:41,1
DA:43,1
LF:16
LH:16
BRDA:30,0,0,1
BRDA:30,0,1,2
BRF:2
BRH:2
end_of_record
TN:
SF:src/modules/users/services/AuthenticateUserService.ts
FN:22,(anonymous_18)
FN:23,AuthenticateUserService
FN:30,(anonymous_20)
FNF:3
FNH:3
FNDA:1,(anonymous_18)
FNDA:3,AuthenticateUserService
FNDA:4,(anonymous_20)
DA:1,1
DA:2,1
DA:5,1
DA:7,1
DA:22,1
DA:25,3
DA:27,3
DA:30,1
DA:31,4
DA:32,4
DA:34,4
DA:35,4
DA:36,2
DA:39,2
DA:44,2
DA:45,1
DA:48,1
DA:50,1
DA:55,1
DA:60,1
DA:62,1
LF:21
LH:21
BRDA:34,0,0,4
BRDA:35,1,0,2
BRDA:35,1,1,2
BRDA:44,2,0,1
BRDA:44,2,1,1
BRF:5
BRH:5
end_of_record
TN:
SF:src/modules/users/services/CreateUserService.ts
FN:16,(anonymous_18)
FN:17,CreateUserService
FN:25,(anonymous_20)
FNF:3
FNH:3
FNDA:2,(anonymous_18)
FNDA:4,CreateUserService
FNDA:5,(anonymous_20)
DA:1,2
DA:5,2
DA:16,2
DA:19,4
DA:22,4
DA:25,2
DA:26,5
DA:27,5
DA:28,5
DA:30,5
DA:32,5
DA:33,1
DA:36,4
DA:38,4
DA:44,4
DA:46,2
DA:48,2
LF:17
LH:17
BRDA:30,0,0,5
BRDA:32,1,0,1
BRDA:32,1,1,4
BRF:3
BRH:3
end_of_record
TN:
SF:src/modules/users/services/UpdateUserAvatarService.ts
FN:16,(anonymous_18)
FN:17,UpdateUserAvatarService
FN:22,(anonymous_20)
FNF:3
FNH:0
FNDA:0,(anonymous_18)
FNDA:0,UpdateUserAvatarService
FNDA:0,(anonymous_20)
DA:1,0
DA:2,0
DA:4,0
DA:6,0
DA:7,0
DA:16,0
DA:19,0
DA:22,0
DA:23,0
DA:24,0
DA:26,0
DA:28,0
DA:29,0
DA:32,0
DA:33,0
DA:34,0
DA:36,0
DA:37,0
DA:41,0
DA:43,0
DA:45,0
DA:47,0
DA:49,0
LF:23
LH:0
BRDA:26,0,0,0
BRDA:28,1,0,0
BRDA:28,1,1,0
BRDA:32,2,0,0
BRDA:32,2,1,0
BRDA:36,3,0,0
BRDA:36,3,1,0
BRF:7
BRH:0
end_of_record
